<?xml version="1.0" encoding="UTF-8"?>
<testng-results ignored="0" total="1" passed="1" failed="0" skipped="0">
  <reporter-output>
  </reporter-output>
  <suite started-at="2020-03-06T16:56:54 EET" name="Default suite" finished-at="2020-03-06T16:57:37 EET" duration-ms="42233">
    <groups>
      <group name="cucumber">
        <method signature="AbstractTestNGCucumberTests.feature(cucumber.api.testng.CucumberFeatureWrapper)[pri:0, instance:com.sirma.cucumberoptions.TestRunner@33afa13b]" name="feature" class="cucumber.api.testng.AbstractTestNGCucumberTests"/>
      </group> <!-- cucumber -->
    </groups>
    <test started-at="2020-03-06T16:56:54 EET" name="Default test" finished-at="2020-03-06T16:57:37 EET" duration-ms="42233">
      <class name="com.sirma.cucumberoptions.TestRunner">
        <test-method is-config="true" signature="setUpClass()[pri:0, instance:com.sirma.cucumberoptions.TestRunner@33afa13b]" started-at="2020-03-06T16:56:54 EET" name="setUpClass" finished-at="2020-03-06T16:56:55 EET" duration-ms="251" status="PASS">
          <reporter-output>
          </reporter-output>
        </test-method> <!-- setUpClass -->
        <test-method signature="feature(cucumber.api.testng.CucumberFeatureWrapper)[pri:0, instance:com.sirma.cucumberoptions.TestRunner@33afa13b]" started-at="2020-03-06T16:56:55 EET" name="feature" description="Runs Cucumber Feature" data-provider="features" finished-at="2020-03-06T16:57:37 EET" duration-ms="41837" status="PASS">
          <params>
            <param index="0">
              <value>
                <![CDATA[Create Location]]>
              </value>
            </param>
          </params>
          <reporter-output>
          </reporter-output>
        </test-method> <!-- feature -->
        <test-method is-config="true" signature="tearDownClass()[pri:0, instance:com.sirma.cucumberoptions.TestRunner@33afa13b]" started-at="2020-03-06T16:57:37 EET" name="tearDownClass" finished-at="2020-03-06T16:57:37 EET" duration-ms="2" status="PASS">
          <reporter-output>
          </reporter-output>
        </test-method> <!-- tearDownClass -->
      </class> <!-- com.sirma.cucumberoptions.TestRunner -->
    </test> <!-- Default test -->
  </suite> <!-- Default suite -->
</testng-results>
