<?xml version="1.0" encoding="UTF-8"?>
<testng-results ignored="0" total="1" passed="1" failed="0" skipped="0">
  <reporter-output>
  </reporter-output>
  <suite started-at="2020-02-19T15:34:33 EET" name="Default suite" finished-at="2020-02-19T15:35:05 EET" duration-ms="32486">
    <groups>
    </groups>
    <test started-at="2020-02-19T15:34:33 EET" name="Default test" finished-at="2020-02-19T15:35:05 EET" duration-ms="32486">
      <class name="com.sirma.recruit.CreateCandidateManuallyWithFileUploadTest">
        <test-method is-config="true" signature="initialize()[pri:0, instance:com.sirma.recruit.CreateCandidateManuallyWithFileUploadTest@14d3bc22]" started-at="2020-02-19T15:34:33 EET" name="initialize" finished-at="2020-02-19T15:34:38 EET" duration-ms="4916" status="PASS">
          <reporter-output>
          </reporter-output>
        </test-method> <!-- initialize -->
        <test-method signature="logIn()[pri:0, instance:com.sirma.recruit.CreateCandidateManuallyWithFileUploadTest@14d3bc22]" started-at="2020-02-19T15:34:38 EET" name="logIn" finished-at="2020-02-19T15:35:05 EET" duration-ms="27546" status="PASS">
          <reporter-output>
          </reporter-output>
        </test-method> <!-- logIn -->
      </class> <!-- com.sirma.recruit.CreateCandidateManuallyWithFileUploadTest -->
    </test> <!-- Default test -->
  </suite> <!-- Default suite -->
</testng-results>
