<?xml version="1.0" encoding="UTF-8"?>
<testng-results ignored="0" total="1" passed="1" failed="0" skipped="0">
  <reporter-output>
  </reporter-output>
  <suite started-at="2020-02-18T17:14:19 EET" name="Default suite" finished-at="2020-02-18T17:14:53 EET" duration-ms="34578">
    <groups>
    </groups>
    <test started-at="2020-02-18T17:14:19 EET" name="Default test" finished-at="2020-02-18T17:14:53 EET" duration-ms="34578">
      <class name="com.sirma.recruit.CreateJob_AddEmploymentTypeTest">
        <test-method signature="openCreateJob()[pri:0, instance:com.sirma.recruit.CreateJob_AddEmploymentTypeTest@23529fee]" started-at="2020-02-18T17:14:19 EET" name="openCreateJob" finished-at="2020-02-18T17:14:53 EET" duration-ms="34541" status="PASS">
          <reporter-output>
          </reporter-output>
        </test-method> <!-- openCreateJob -->
      </class> <!-- com.sirma.recruit.CreateJob_AddEmploymentTypeTest -->
    </test> <!-- Default test -->
  </suite> <!-- Default suite -->
</testng-results>
