<?xml version="1.0" encoding="UTF-8"?>
<testng-results ignored="0" total="1" passed="1" failed="0" skipped="0">
  <reporter-output>
  </reporter-output>
  <suite started-at="2020-02-21T17:07:50 EET" name="Default suite" finished-at="2020-02-21T17:08:10 EET" duration-ms="20453">
    <groups>
      <group name="cucumber">
        <method signature="AbstractTestNGCucumberTests.feature(cucumber.api.testng.CucumberFeatureWrapper)[pri:0, instance:com.sirma.cucumberoptions.TestRunner@229d10bd]" name="feature" class="cucumber.api.testng.AbstractTestNGCucumberTests"/>
      </group> <!-- cucumber -->
    </groups>
    <test started-at="2020-02-21T17:07:50 EET" name="Default test" finished-at="2020-02-21T17:08:10 EET" duration-ms="20453">
      <class name="com.sirma.cucumberoptions.TestRunner">
        <test-method is-config="true" signature="setUpClass()[pri:0, instance:com.sirma.cucumberoptions.TestRunner@229d10bd]" started-at="2020-02-21T17:07:50 EET" name="setUpClass" finished-at="2020-02-21T17:07:50 EET" duration-ms="248" status="PASS">
          <reporter-output>
          </reporter-output>
        </test-method> <!-- setUpClass -->
        <test-method signature="feature(cucumber.api.testng.CucumberFeatureWrapper)[pri:0, instance:com.sirma.cucumberoptions.TestRunner@229d10bd]" started-at="2020-02-21T17:07:50 EET" name="feature" description="Runs Cucumber Feature" data-provider="features" finished-at="2020-02-21T17:08:10 EET" duration-ms="20087" status="PASS">
          <params>
            <param index="0">
              <value>
                <![CDATA[Create Candidate]]>
              </value>
            </param>
          </params>
          <reporter-output>
          </reporter-output>
        </test-method> <!-- feature -->
        <test-method is-config="true" signature="tearDownClass()[pri:0, instance:com.sirma.cucumberoptions.TestRunner@229d10bd]" started-at="2020-02-21T17:08:10 EET" name="tearDownClass" finished-at="2020-02-21T17:08:10 EET" duration-ms="2" status="PASS">
          <reporter-output>
          </reporter-output>
        </test-method> <!-- tearDownClass -->
      </class> <!-- com.sirma.cucumberoptions.TestRunner -->
    </test> <!-- Default test -->
  </suite> <!-- Default suite -->
</testng-results>
