<?xml version="1.0" encoding="UTF-8"?>
<testng-results ignored="0" total="1" passed="1" failed="0" skipped="0">
  <reporter-output>
  </reporter-output>
  <suite started-at="2020-02-17T14:02:03 EET" name="Default suite" finished-at="2020-02-17T14:02:33 EET" duration-ms="30024">
    <groups>
    </groups>
    <test started-at="2020-02-17T14:02:03 EET" name="Default test" finished-at="2020-02-17T14:02:33 EET" duration-ms="30024">
      <class name="com.sirma.recruit.CreateCandidateManuallyWithFileUploadTest">
        <test-method is-config="true" signature="initialize()[pri:0, instance:com.sirma.recruit.CreateCandidateManuallyWithFileUploadTest@3d121db3]" started-at="2020-02-17T14:02:03 EET" name="initialize" finished-at="2020-02-17T14:02:08 EET" duration-ms="4833" status="PASS">
          <reporter-output>
          </reporter-output>
        </test-method> <!-- initialize -->
        <test-method signature="logIn()[pri:0, instance:com.sirma.recruit.CreateCandidateManuallyWithFileUploadTest@3d121db3]" started-at="2020-02-17T14:02:08 EET" name="logIn" finished-at="2020-02-17T14:02:33 EET" duration-ms="25148" status="PASS">
          <reporter-output>
          </reporter-output>
        </test-method> <!-- logIn -->
      </class> <!-- com.sirma.recruit.CreateCandidateManuallyWithFileUploadTest -->
    </test> <!-- Default test -->
  </suite> <!-- Default suite -->
</testng-results>
