<?xml version="1.0" encoding="UTF-8"?>
<testng-results ignored="0" total="1" passed="1" failed="0" skipped="0">
  <reporter-output>
  </reporter-output>
  <suite started-at="2020-02-14T16:42:45 EET" name="Default suite" finished-at="2020-02-14T16:43:10 EET" duration-ms="25452">
    <groups>
    </groups>
    <test started-at="2020-02-14T16:42:45 EET" name="Default test" finished-at="2020-02-14T16:43:10 EET" duration-ms="25452">
      <class name="com.sirma.recruit.CreateCandidateManuallyTest">
        <test-method is-config="true" signature="initialize()[pri:0, instance:com.sirma.recruit.CreateCandidateManuallyTest@3d121db3]" started-at="2020-02-14T16:42:45 EET" name="initialize" finished-at="2020-02-14T16:42:50 EET" duration-ms="5204" status="PASS">
          <reporter-output>
          </reporter-output>
        </test-method> <!-- initialize -->
        <test-method signature="logIn()[pri:0, instance:com.sirma.recruit.CreateCandidateManuallyTest@3d121db3]" started-at="2020-02-14T16:42:50 EET" name="logIn" finished-at="2020-02-14T16:43:10 EET" duration-ms="20223" status="PASS">
          <reporter-output>
          </reporter-output>
        </test-method> <!-- logIn -->
      </class> <!-- com.sirma.recruit.CreateCandidateManuallyTest -->
    </test> <!-- Default test -->
  </suite> <!-- Default suite -->
</testng-results>
